=== IMG Factory Debug Log ===
Started: 2025-07-15 23:01:38
Python: 3.12.3 (main, Jun 18 2025, 17:59:45) [GCC 13.3.0]
Platform: linux
==================================================

[23:01:38] DEBUG: img_debug_functions.py:93 in debug() - This is a debug message
[23:01:38] INFO: img_debug_functions.py:97 in info() - This is an info message
[23:01:38] WARNING: img_debug_functions.py:101 in warning() - This is a warning message
[23:01:38] ERROR: img_debug_functions.py:105 in error() - This is an error message
[23:01:38] SUCCESS: img_debug_functions.py:109 in success() - This is a success message
[23:01:38] DEBUG: img_debug_functions.py:93 in debug() - INSPECTING TestObject (TestObj):
[23:01:38] DEBUG: img_debug_functions.py:93 in debug() -   Attributes:
[23:01:38] DEBUG: img_debug_functions.py:93 in debug() -   attr1 = 'value1'
[23:01:38] DEBUG: img_debug_functions.py:93 in debug() -   attr2 = 42
[23:01:38] DEBUG: img_debug_functions.py:93 in debug() - FILE CHECK: access on 'nonexistent_file.img'
[23:01:38] DEBUG: img_debug_functions.py:93 in debug() -   Absolute path: /home/x2/Documents/GitHub/Img Factory 1.5/components/nonexistent_file.img
[23:01:38] DEBUG: img_debug_functions.py:93 in debug() -   Parent directory: .
[23:01:38] DEBUG: img_debug_functions.py:93 in debug() -   File name: nonexistent_file.img
[23:01:38] DEBUG: img_debug_functions.py:93 in debug() -   File extension: .img
[23:01:38] DEBUG: img_debug_functions.py:93 in debug() -   ✗ File does not exist
[23:01:38] DEBUG: img_debug_functions.py:93 in debug() -   ✓ Parent directory exists
[23:01:38] DEBUG: img_debug_functions.py:93 in debug() -   Parent writable: True
