  happyhttp.cpp
  squish.cpp
  singlecolourfit.cpp
  rangefit.cpp
  maths.cpp
  colourset.cpp
  colourfit.cpp
  colourblock.cpp
  clusterfit.cpp
  alpha.cpp
  iniFile.cpp
  Rijndael.cpp
  crc_32.cpp
  Generating Code...
  zutil.c
  uncompr.c
  trees.c
  inftrees.c
  inflate.c
  inffast.c
  infback.c
  gzwrite.c
  gzread.c
  gzlib.c
  gzclose.c
  deflate.c
  crc32.c
  compress.c
  adler32.c
  lzo_util.c
  lzo_str.c
  lzo_ptr.c
  lzo_init.c
  lzo_crc.c
  Generating Code...
  Compiling...
  lzo2a_d2.c
  lzo2a_d1.c
  lzo2a_9x.c
  lzo1_99.c
  lzo1z_d3.c
  lzo1z_d2.c
  lzo1z_d1.c
  lzo1z_9x.c
  lzo1y_o.c
  lzo1y_d3.c
  lzo1y_d2.c
  lzo1y_d1.c
  lzo1y_9x.c
  lzo1y_1.c
  lzo1x_o.c
  lzo1x_d3.c
  lzo1x_d2.c
  lzo1x_d1.c
  lzo1x_9x.c
  lzo1x_1o.c
  Generating Code...
  Compiling...
  lzo1x_1l.c
  lzo1x_1k.c
  lzo1x_1.c
  lzo1f_d2.c
  lzo1f_d1.c
  lzo1f_9x.c
  lzo1f_1.c
  lzo1c_xx.c
  lzo1c_rr.c
  lzo1c_d2.c
  lzo1c_d1.c
  lzo1c_cc.c
  lzo1c_9x.c
  lzo1c_99.c
  lzo1c_9.c
  lzo1c_8.c
  lzo1c_7.c
  lzo1c_6.c
  lzo1c_5.c
  lzo1c_4.c
  Generating Code...
  Compiling...
  lzo1c_3.c
  lzo1c_2.c
  lzo1c_1.c
  lzo1b_xx.c
  lzo1b_rr.c
  lzo1b_d2.c
  lzo1b_d1.c
  lzo1b_cc.c
  lzo1b_9x.c
  lzo1b_99.c
  lzo1b_9.c
  lzo1b_8.c
  lzo1b_7.c
  lzo1b_6.c
  lzo1b_5.c
  lzo1b_4.c
  lzo1b_3.c
  lzo1b_2.c
  lzo1b_1.c
  lzo1a_99.c
  Generating Code...
  Compiling...
  lzo1a.c
  lzo1.c
  xxhash.c
  lz4io.c
h:\sdks\projects\new-img-factory\bxcf\code\bxcf.thirdparty\compression\lz4\lz4io.c(37): warning C4005: '_CRT_SECURE_NO_WARNINGS': macro redefinition
  h:\sdks\projects\new-img-factory\bxcf\code\bxcf.thirdparty\compression\lz4\lz4io.c(37): note: command-line arguments:  see previous definition of '_CRT_SECURE_NO_WARNINGS'
  lz4hc.c
  lz4frame.c
  lz4cli.c
h:\sdks\projects\new-img-factory\bxcf\code\bxcf.thirdparty\compression\lz4\lz4cli.c(47): warning C4005: '_CRT_SECURE_NO_WARNINGS': macro redefinition
  h:\sdks\projects\new-img-factory\bxcf\code\bxcf.thirdparty\compression\lz4\lz4cli.c(47): note: command-line arguments:  see previous definition of '_CRT_SECURE_NO_WARNINGS'
  lz4.c
  fuzzer.c
h:\sdks\projects\new-img-factory\bxcf\code\bxcf.thirdparty\compression\lz4\fuzzer.c(30): warning C4005: '_CRT_SECURE_NO_WARNINGS': macro redefinition
  h:\sdks\projects\new-img-factory\bxcf\code\bxcf.thirdparty\compression\lz4\fuzzer.c(30): note: command-line arguments:  see previous definition of '_CRT_SECURE_NO_WARNINGS'
  fullbench.c
h:\sdks\projects\new-img-factory\bxcf\code\bxcf.thirdparty\compression\lz4\fullbench.c(30): warning C4005: '_CRT_SECURE_NO_WARNINGS': macro redefinition
  h:\sdks\projects\new-img-factory\bxcf\code\bxcf.thirdparty\compression\lz4\fullbench.c(30): note: command-line arguments:  see previous definition of '_CRT_SECURE_NO_WARNINGS'
  frametest.c
  datagencli.c
  datagen.c
  bench.c
h:\sdks\projects\new-img-factory\bxcf\code\bxcf.thirdparty\compression\lz4\bench.c(30): warning C4005: '_CRT_SECURE_NO_WARNINGS': macro redefinition
  h:\sdks\projects\new-img-factory\bxcf\code\bxcf.thirdparty\compression\lz4\bench.c(30): note: command-line arguments:  see previous definition of '_CRT_SECURE_NO_WARNINGS'
  Generating Code...
fuzzer.obj : warning LNK4006: _main already defined in lz4cli.obj; second definition ignored
fullbench.obj : warning LNK4006: _main already defined in lz4cli.obj; second definition ignored
frametest.obj : warning LNK4006: _main already defined in lz4cli.obj; second definition ignored
datagencli.obj : warning LNK4006: _main already defined in lz4cli.obj; second definition ignored
  BXCF.ThirdParty.vcxproj -> H:\SDKs\Projects\new-img-factory\BXCF\Compiler\Projects\BXCF.ThirdParty\../../../../Output/Final/BXCF/Debug.Win32/BXCF.ThirdParty.lib
