  Window.cpp
h:\sdks\projects\new-img-factory\bxcf\code\bxcf\event\eventbindable.h(30): warning C4407: cast between different pointer to member representations, compiler may generate incorrect code
  h:\sdks\projects\new-img-factory\bxgx\code\bxgx\window\window.cpp(1878): note: see reference to function template instantiation 'int bxcf::EventBindable::bindEvent<void,bxgx::Window,bxgx::Button*>(int,TReturn (__thiscall bxgx::Window::* )(bxgx::Button *),uint32)' being compiled
          with
          [
              TReturn=void
          ]
h:\sdks\projects\new-img-factory\bxcf\code\bxcf\event\eventbindable.h(46): warning C4407: cast between different pointer to member representations, compiler may generate incorrect code
  h:\sdks\projects\new-img-factory\bxgx\code\bxgx\window\window.cpp(1883): note: see reference to function template instantiation 'void bxcf::EventBindable::unbindEvent<void,bxgx::Window,bxgx::Button*>(int,TReturn (__thiscall bxgx::Window::* )(bxgx::Button *))' being compiled
          with
          [
              TReturn=void
          ]
  StyleManager.cpp
  StyleContainer.cpp
  StyleGroup.cpp
  SizedString.cpp
  Triangle.cpp
  Square.cpp
  Rectangle.cpp
  Polygon.cpp
  Line.cpp
  Ellipse.cpp
  Circle.cpp
  Shape.cpp
  Layer.cpp
  RectangleItemPlacement.cpp
  BXGX.cpp
h:\sdks\projects\new-img-factory\bxgx\code\bxgx\bxgx.cpp(693): warning C4302: 'type cast': truncation from 'LPSTR' to 'WORD'
h:\sdks\projects\new-img-factory\bxgx\code\bxgx\bxgx.cpp(979): warning C4101: 'uiKey': unreferenced local variable
  nsbxgx.cpp
  _3ButtonWindowInputLayer.cpp
  SingleLineTextBoxInputLayer.cpp
  NumericMultiOptionInputLayer.cpp
  Generating Code...
  Compiling...
  MultiLineTextBoxInputLayer.cpp
  GridWindowInputLayer.cpp
  DynamicItemListWindowLayer.cpp
h:\sdks\projects\new-img-factory\bxcf\code\bxcf\event\eventbindable.h(46): warning C4407: cast between different pointer to member representations, compiler may generate incorrect code
  h:\sdks\projects\new-img-factory\bxgx\code\bxgx\layer\layers\dynamicitemlistwindowlayer.cpp(21): note: see reference to function template instantiation 'void bxcf::EventBindable::unbindEvent<void,bxgx::DynamicItemListWindowLayer,bxgx::Button*>(int,TReturn (__thiscall bxgx::DynamicItemListWindowLayer::* )(bxgx::Button *))' being compiled
          with
          [
              TReturn=void
          ]
h:\sdks\projects\new-img-factory\bxcf\code\bxcf\event\eventbindable.h(30): warning C4407: cast between different pointer to member representations, compiler may generate incorrect code
  h:\sdks\projects\new-img-factory\bxgx\code\bxgx\layer\layers\dynamicitemlistwindowlayer.cpp(36): note: see reference to function template instantiation 'int bxcf::EventBindable::bindEvent<void,bxgx::DynamicItemListWindowLayer,bxgx::Button*>(int,TReturn (__thiscall bxgx::DynamicItemListWindowLayer::* )(bxgx::Button *),uint32)' being compiled
          with
          [
              TReturn=void
          ]
  DropDownInputLayer.cpp
  RenderItem.cpp
  Rectangletem.cpp
  LayerItem.cpp
  GraphicsLibrary_GDIPlus.cpp
h:\sdks\projects\new-img-factory\bxgx\code\bxgx\graphicslibrary\libraries\graphicslibrary_gdiplus.cpp(274): warning C4018: '>': signed/unsigned mismatch
h:\sdks\projects\new-img-factory\bxgx\code\bxgx\graphicslibrary\libraries\graphicslibrary_gdiplus.cpp(278): warning C4018: '>': signed/unsigned mismatch
  GraphicsLibrary_D3D8.cpp
  ImageObject.cpp
  GraphicsLibrary.cpp
h:\sdks\projects\new-img-factory\bxcf\code\bxcf\event\eventbindable.h(64): warning C4407: cast between different pointer to member representations, compiler may generate incorrect code
  h:\sdks\projects\new-img-factory\bxgx\code\bxgx\graphicslibrary\base\graphicslibrary.cpp(25): note: see reference to function template instantiation 'int bxcf::EventBindable::bindEventRef<void,bxgx::GraphicsLibrary,bxcf::Vec2i>(int,TReturn (__thiscall bxgx::GraphicsLibrary::* )(bxcf::Vec2i &),uint32)' being compiled
          with
          [
              TReturn=void
          ]
  _3PointGeometry.cpp
  _2PointGeometry.cpp
  _1Point2LengthGeometry.cpp
  _1Point1LengthGeometry.cpp
  NPointGeometry.cpp
  BXSFormat.cpp
  EnumFormatEtc.cpp
  DropTarget.cpp
h:\sdks\projects\new-img-factory\bxgx\code\bxgx\dragdrop\droptarget.cpp(85): warning C4838: conversion from 'UINT' to 'CLIPFORMAT' requires a narrowing conversion
h:\sdks\projects\new-img-factory\bxgx\code\bxgx\dragdrop\droptarget.cpp(159): warning C4838: conversion from 'UINT' to 'CLIPFORMAT' requires a narrowing conversion
h:\sdks\projects\new-img-factory\bxgx\code\bxgx\dragdrop\droptarget.cpp(160): warning C4838: conversion from 'UINT' to 'CLIPFORMAT' requires a narrowing conversion
  DropSource.cpp
  Generating Code...
  Compiling...
  DataObject.cpp
h:\sdks\projects\new-img-factory\bxgx\code\bxgx\dragdrop\dataobject.cpp(67): warning C4018: '<': signed/unsigned mismatch
  Tab.cpp
h:\sdks\projects\new-img-factory\bxgx\code\bxgx\control\entries\tab.cpp(88): warning C4018: '>=': signed/unsigned mismatch
h:\sdks\projects\new-img-factory\bxgx\code\bxgx\control\entries\tab.cpp(88): warning C4018: '<=': signed/unsigned mismatch
  MenuItem.cpp
  GridRow.cpp
  GridHeader.cpp
  DropDownItem.cpp
  TextBox.cpp
h:\sdks\projects\new-img-factory\bxgx\code\bxgx\control\controls\textbox.cpp(262): warning C4018: '>=': signed/unsigned mismatch
h:\sdks\projects\new-img-factory\bxgx\code\bxgx\control\controls\textbox.cpp(272): warning C4018: '<=': signed/unsigned mismatch
h:\sdks\projects\new-img-factory\bxgx\code\bxgx\control\controls\textbox.cpp(714): warning C4018: '>': signed/unsigned mismatch
h:\sdks\projects\new-img-factory\bxgx\code\bxgx\control\controls\textbox.cpp(1018): warning C4018: '>': signed/unsigned mismatch
  Text.cpp
  TabBar.cpp
h:\sdks\projects\new-img-factory\bxgx\code\bxgx\control\controls\tabbar.cpp(222): warning C4018: '>': signed/unsigned mismatch
h:\sdks\projects\new-img-factory\bxgx\code\bxgx\control\controls\tabbar.cpp(507): warning C4018: '>': signed/unsigned mismatch
h:\sdks\projects\new-img-factory\bxgx\code\bxgx\control\controls\tabbar.cpp(613): warning C4244: 'initializing': conversion from 'float32' to 'int32', possible loss of data
h:\sdks\projects\new-img-factory\bxgx\code\bxgx\control\controls\tabbar.cpp(621): warning C4018: '>=': signed/unsigned mismatch
h:\sdks\projects\new-img-factory\bxgx\code\bxgx\control\controls\tabbar.cpp(639): warning C4244: 'initializing': conversion from 'float32' to 'int32', possible loss of data
h:\sdks\projects\new-img-factory\bxgx\code\bxgx\control\controls\tabbar.cpp(647): warning C4018: '>=': signed/unsigned mismatch
  ScrollBar.cpp
  RadioButton.cpp
  ProgressBar.cpp
  Menu.cpp
  Image.cpp
  Grid.cpp
h:\sdks\projects\new-img-factory\bxgx\code\bxgx\control\controls\grid.cpp(154): warning C4018: '<=': signed/unsigned mismatch
h:\sdks\projects\new-img-factory\bxgx\code\bxgx\control\controls\grid.cpp(651): warning C4244: '=': conversion from 'float32' to 'int32', possible loss of data
  DropDown.cpp
  CheckBox.cpp
  Button.cpp
  TextComponent.cpp
  ScrollBarPool.cpp
  Generating Code...
  Compiling...
  Control.cpp
  Generating Code...
  BXGX.vcxproj -> H:\SDKs\Projects\new-img-factory\BXGX\Compiler\Projects\BXGX\../../../../Output/Final/BXGX/Debug.Win32/BXGX.lib
